<?xml version="1.0" encoding="UTF-8"?>
<!-- Generated by org.testng.reporters.JUnitReportReporter -->
<testsuite skipped="0" hostname="gaurav-VAIO" name="springer.Search.NewTest" tests="2" failures="0" timestamp="18 Oct 2016 16:30:32 GMT" time="19.338" errors="0">
  <testcase name="positiveTest" time="12.857" classname="springer.Search.NewTest"/>
  <testcase name="negativeTest" time="6.481" classname="springer.Search.NewTest"/>
</testsuite> <!-- springer.Search.NewTest -->
